[0.014][INFO]:      ChromeDriver 23.0.1240.0 /Users/dgempesaw/opt/chromedriver
[0.407][FINE]:      Initializing session with capabilities {
   "acceptSslCerts": true,
   "browserName": "chrome",
   "javascriptEnabled": true,
   "platform": "WINDOWS",
   "proxy": {
      "proxyType": "system"
   },
   "version": ""
}

[0.407][INFO]:      Launching chrome: /Applications/Google Chrome.app/Contents/MacOS/Google Chrome --enable-logging --log-level=1 --disable-hang-monitor --disable-prompt-on-repost --dom-automation --full-memory-crash-report --no-default-browser-check --no-first-run --disable-background-networking --disable-sync --disable-translate --disable-web-resources --safebrowsing-disable-auto-update --safebrowsing-disable-download-protection --disable-client-side-phishing-detection --disable-component-update --disable-default-apps --use-mock-keychain --ignore-certificate-errors about:blank
[1.756][INFO]:      Connected to Chrome successfully. Version: 29.0.1547.57
[1.765][FINE]:      Command received (/session/65fe9ceb27a471cbd1286849d8cc987a)
[1.765][FINE]:      Command finished (/session/65fe9ceb27a471cbd1286849d8cc987a) with response {
   "sessionId": "65fe9ceb27a471cbd1286849d8cc987a",
   "status": 0,
   "value": {
      "acceptSslCerts": false,
      "applicationCacheEnabled": false,
      "browserConnectionEnabled": false,
      "browserName": "chrome",
      "chrome.chromedriverVersion": "23.0.1240.0",
      "chrome.nativeEvents": false,
      "cssSelectorsEnabled": true,
      "databaseEnabled": false,
      "handlesAlerts": true,
      "javascriptEnabled": true,
      "locationContextEnabled": false,
      "nativeEvents": true,
      "platform": "mac",
      "rotatable": false,
      "takesScreenshot": true,
      "version": "29.0.1547.57",
      "webStorageEnabled": true
   }
}

[1.773][FINE]:      Command received (/session/65fe9ceb27a471cbd1286849d8cc987a/timeouts/implicit_wait) with params {
   "ms": 30000
}

[1.773][FINER]:     Waiting for all views to stop loading...
[1.784][FINER]:     Done waiting for all views to stop loading
[2.320][FINE]:      Command received (/session/65fe9ceb27a471cbd1286849d8cc987a/url) with params {
   "url": "http://localhost/test-pages/upload.html"
}

[2.320][FINER]:     Waiting for all views to stop loading...
[2.320][FINER]:     Done waiting for all views to stop loading
